[0m09:02:50.776804 [debug] [MainThread]: Sending event: {'category': 'dbt', 'action': 'invocation', 'label': 'start', 'context': [<snowplow_tracker.self_describing_json.SelfDescribingJson object at 0x0000011702520AD0>, <snowplow_tracker.self_describing_json.SelfDescribingJson object at 0x000001177E1C39D0>, <snowplow_tracker.self_describing_json.SelfDescribingJson object at 0x0000011703677ED0>]}


============================== 09:02:50.780876 | 5b3c6f3e-5441-42f0-9a73-b41def81d7b6 ==============================
[0m09:02:50.780876 [info ] [MainThread]: Running with dbt=1.11.7
[0m09:02:50.782044 [debug] [MainThread]: running dbt with arguments {'static_parser': 'True', 'no_print': 'None', 'version_check': 'True', 'target_path': 'None', 'warn_error_options': 'WarnErrorOptionsV2(error=[], warn=[], silence=[])', 'printer_width': '80', 'write_json': 'True', 'introspect': 'True', 'log_cache_events': 'False', 'empty': 'False', 'cache_selected_only': 'False', 'fail_fast': 'False', 'debug': 'False', 'log_format': 'default', 'partial_parse': 'True', 'send_anonymous_usage_stats': 'True', 'quiet': 'False', 'warn_error': 'None', 'profiles_dir': 'C:\\Users\\dalle95\\.dbt', 'indirect_selection': 'eager', 'invocation_command': 'dbt run', 'use_colors': 'True', 'use_experimental_parser': 'False', 'log_path': 'logs'}
[0m09:02:50.782909 [error] [MainThread]: Encountered an error:
Runtime Error
  No dbt_project.yml found at expected path C:\Users\dalle95\Desktop\Progetti\Data Engineer\eu-energy-imports-pipeline\dbt_project.yml
  Verify that each entry within packages.yml (and their transitive dependencies) contains a file named dbt_project.yml
  
[0m09:02:50.783701 [debug] [MainThread]: Command `dbt run` failed at 09:02:50.783598 after 0.15 seconds
[0m09:02:50.784009 [debug] [MainThread]: Sending event: {'category': 'dbt', 'action': 'invocation', 'label': 'end', 'context': [<snowplow_tracker.self_describing_json.SelfDescribingJson object at 0x00000117036868B0>, <snowplow_tracker.self_describing_json.SelfDescribingJson object at 0x000001170468DB50>, <snowplow_tracker.self_describing_json.SelfDescribingJson object at 0x0000011703505D00>]}
[0m09:02:50.784341 [debug] [MainThread]: Flushing usage events
[0m09:02:51.405695 [debug] [MainThread]: An error was encountered while trying to flush usage events
[0m10:07:37.026857 [debug] [MainThread]: Sending event: {'category': 'dbt', 'action': 'invocation', 'label': 'start', 'context': [<snowplow_tracker.self_describing_json.SelfDescribingJson object at 0x0000019E6D12CAD0>, <snowplow_tracker.self_describing_json.SelfDescribingJson object at 0x0000019E68EB39D0>, <snowplow_tracker.self_describing_json.SelfDescribingJson object at 0x0000019E6E287ED0>]}


============================== 10:07:37.030749 | fb227e2e-5879-4d89-b34b-9697a1a8aaaa ==============================
[0m10:07:37.030749 [info ] [MainThread]: Running with dbt=1.11.7
[0m10:07:37.031398 [debug] [MainThread]: running dbt with arguments {'version_check': 'True', 'no_print': 'None', 'static_parser': 'True', 'warn_error_options': 'WarnErrorOptionsV2(error=[], warn=[], silence=[])', 'target_path': 'None', 'printer_width': '80', 'write_json': 'True', 'empty': 'False', 'log_cache_events': 'False', 'introspect': 'True', 'cache_selected_only': 'False', 'log_format': 'default', 'debug': 'False', 'fail_fast': 'False', 'profiles_dir': 'C:\\Users\\dalle95\\.dbt', 'send_anonymous_usage_stats': 'True', 'quiet': 'False', 'warn_error': 'None', 'partial_parse': 'True', 'use_colors': 'True', 'invocation_command': 'dbt run', 'indirect_selection': 'eager', 'use_experimental_parser': 'False', 'log_path': 'logs'}
[0m10:07:37.031796 [error] [MainThread]: Encountered an error:
Runtime Error
  No dbt_project.yml found at expected path C:\Users\dalle95\Desktop\Progetti\Data Engineer\eu-energy-imports-pipeline\dbt_project.yml
  Verify that each entry within packages.yml (and their transitive dependencies) contains a file named dbt_project.yml
  
[0m10:07:37.032521 [debug] [MainThread]: Command `dbt run` failed at 10:07:37.032428 after 0.18 seconds
[0m10:07:37.032825 [debug] [MainThread]: Sending event: {'category': 'dbt', 'action': 'invocation', 'label': 'end', 'context': [<snowplow_tracker.self_describing_json.SelfDescribingJson object at 0x0000019E6E2968B0>, <snowplow_tracker.self_describing_json.SelfDescribingJson object at 0x0000019E6F29DB50>, <snowplow_tracker.self_describing_json.SelfDescribingJson object at 0x0000019E6E115D00>]}
[0m10:07:37.033095 [debug] [MainThread]: Flushing usage events
[0m10:07:37.717842 [debug] [MainThread]: An error was encountered while trying to flush usage events
[0m10:10:36.231235 [debug] [MainThread]: Sending event: {'category': 'dbt', 'action': 'invocation', 'label': 'start', 'context': [<snowplow_tracker.self_describing_json.SelfDescribingJson object at 0x000001C86D840AD0>, <snowplow_tracker.self_describing_json.SelfDescribingJson object at 0x000001C8695339D0>, <snowplow_tracker.self_describing_json.SelfDescribingJson object at 0x000001C86F967ED0>]}


============================== 10:10:36.234614 | fb73fe9b-b380-41c4-9c58-e9264a800be9 ==============================
[0m10:10:36.234614 [info ] [MainThread]: Running with dbt=1.11.7
[0m10:10:36.235256 [debug] [MainThread]: running dbt with arguments {'version_check': 'True', 'no_print': 'None', 'static_parser': 'True', 'warn_error_options': 'WarnErrorOptionsV2(error=[], warn=[], silence=[])', 'target_path': 'None', 'printer_width': '80', 'write_json': 'True', 'empty': 'None', 'log_cache_events': 'False', 'introspect': 'True', 'cache_selected_only': 'False', 'log_format': 'default', 'debug': 'False', 'fail_fast': 'False', 'profiles_dir': 'C:\\Users\\dalle95\\.dbt', 'send_anonymous_usage_stats': 'True', 'quiet': 'False', 'warn_error': 'None', 'partial_parse': 'True', 'indirect_selection': 'eager', 'use_colors': 'True', 'invocation_command': 'dbt debug', 'use_experimental_parser': 'False', 'log_path': 'logs'}
[0m10:10:36.247043 [info ] [MainThread]: dbt version: 1.11.7
[0m10:10:36.247446 [info ] [MainThread]: python version: 3.13.12
[0m10:10:36.247702 [info ] [MainThread]: python path: C:\Users\dalle95\Desktop\Progetti\Data Engineer\eu-energy-imports-pipeline\.venv\Scripts\python.exe
[0m10:10:36.248048 [info ] [MainThread]: os info: Windows-11-10.0.26200-SP0
[0m10:10:36.338760 [info ] [MainThread]: Using profiles dir at C:\Users\dalle95\.dbt
[0m10:10:36.339577 [info ] [MainThread]: Using profiles.yml file at C:\Users\dalle95\.dbt\profiles.yml
[0m10:10:36.340087 [info ] [MainThread]: Using dbt_project.yml file at C:\Users\dalle95\Desktop\Progetti\Data Engineer\eu-energy-imports-pipeline\dbt_project.yml
[0m10:10:36.340694 [error] [MainThread]: Encountered an error:
Internal Error
  Profile should not be None if loading profile completed
[0m10:10:36.341711 [debug] [MainThread]: Command `dbt debug` failed at 10:10:36.341606 after 0.23 seconds
[0m10:10:36.342001 [debug] [MainThread]: Sending event: {'category': 'dbt', 'action': 'invocation', 'label': 'end', 'context': [<snowplow_tracker.self_describing_json.SelfDescribingJson object at 0x000001C86FA7BE10>, <snowplow_tracker.self_describing_json.SelfDescribingJson object at 0x000001C86FFD6D50>, <snowplow_tracker.self_describing_json.SelfDescribingJson object at 0x000001C86FA39F20>]}
[0m10:10:36.342302 [debug] [MainThread]: Flushing usage events
[0m10:10:36.975491 [debug] [MainThread]: An error was encountered while trying to flush usage events
[0m10:14:40.075274 [debug] [MainThread]: Sending event: {'category': 'dbt', 'action': 'invocation', 'label': 'start', 'context': [<snowplow_tracker.self_describing_json.SelfDescribingJson object at 0x00000262F842CAD0>, <snowplow_tracker.self_describing_json.SelfDescribingJson object at 0x00000262F41039D0>, <snowplow_tracker.self_describing_json.SelfDescribingJson object at 0x00000262FA557ED0>]}


============================== 10:14:40.078645 | e92bf90b-d061-4f4a-9d92-7ac56af7fbf7 ==============================
[0m10:14:40.078645 [info ] [MainThread]: Running with dbt=1.11.7
[0m10:14:40.079251 [debug] [MainThread]: running dbt with arguments {'version_check': 'True', 'no_print': 'None', 'static_parser': 'True', 'warn_error_options': 'WarnErrorOptionsV2(error=[], warn=[], silence=[])', 'target_path': 'None', 'printer_width': '80', 'write_json': 'True', 'introspect': 'True', 'log_cache_events': 'False', 'empty': 'None', 'cache_selected_only': 'False', 'fail_fast': 'False', 'debug': 'False', 'log_format': 'default', 'profiles_dir': 'C:\\Users\\dalle95\\.dbt', 'send_anonymous_usage_stats': 'True', 'quiet': 'False', 'warn_error': 'None', 'partial_parse': 'True', 'use_colors': 'True', 'invocation_command': 'dbt debug', 'indirect_selection': 'eager', 'use_experimental_parser': 'False', 'log_path': 'logs'}
[0m10:14:40.092047 [info ] [MainThread]: dbt version: 1.11.7
[0m10:14:40.092541 [info ] [MainThread]: python version: 3.13.12
[0m10:14:40.092895 [info ] [MainThread]: python path: C:\Users\dalle95\Desktop\Progetti\Data Engineer\eu-energy-imports-pipeline\.venv\Scripts\python.exe
[0m10:14:40.093207 [info ] [MainThread]: os info: Windows-11-10.0.26200-SP0
[0m10:14:40.182606 [info ] [MainThread]: Using profiles dir at C:\Users\dalle95\.dbt
[0m10:14:40.183162 [info ] [MainThread]: Using profiles.yml file at C:\Users\dalle95\.dbt\profiles.yml
[0m10:14:40.183504 [info ] [MainThread]: Using dbt_project.yml file at C:\Users\dalle95\Desktop\Progetti\Data Engineer\eu-energy-imports-pipeline\dbt_project.yml
[0m10:14:40.183843 [error] [MainThread]: Encountered an error:
Internal Error
  Profile should not be None if loading profile completed
[0m10:14:40.184548 [debug] [MainThread]: Command `dbt debug` failed at 10:14:40.184456 after 0.23 seconds
[0m10:14:40.184817 [debug] [MainThread]: Sending event: {'category': 'dbt', 'action': 'invocation', 'label': 'end', 'context': [<snowplow_tracker.self_describing_json.SelfDescribingJson object at 0x00000262FA66BE10>, <snowplow_tracker.self_describing_json.SelfDescribingJson object at 0x00000262FA7A6D50>, <snowplow_tracker.self_describing_json.SelfDescribingJson object at 0x00000262FA629F20>]}
[0m10:14:40.185097 [debug] [MainThread]: Flushing usage events
[0m10:14:40.829904 [debug] [MainThread]: An error was encountered while trying to flush usage events
[0m10:15:15.002179 [debug] [MainThread]: Sending event: {'category': 'dbt', 'action': 'invocation', 'label': 'start', 'context': [<snowplow_tracker.self_describing_json.SelfDescribingJson object at 0x000001B4ADB58AD0>, <snowplow_tracker.self_describing_json.SelfDescribingJson object at 0x000001B4A97E39D0>, <snowplow_tracker.self_describing_json.SelfDescribingJson object at 0x000001B4AFC87ED0>]}


============================== 10:15:15.005337 | e36505b4-c79b-4241-ba74-461dfecb2edf ==============================
[0m10:15:15.005337 [info ] [MainThread]: Running with dbt=1.11.7
[0m10:15:15.005931 [debug] [MainThread]: running dbt with arguments {'version_check': 'True', 'no_print': 'None', 'static_parser': 'True', 'target_path': 'None', 'warn_error_options': 'WarnErrorOptionsV2(error=[], warn=[], silence=[])', 'printer_width': '80', 'write_json': 'True', 'empty': 'None', 'log_cache_events': 'False', 'introspect': 'True', 'cache_selected_only': 'False', 'fail_fast': 'False', 'debug': 'False', 'log_format': 'default', 'profiles_dir': 'C:\\Users\\dalle95\\.dbt', 'send_anonymous_usage_stats': 'True', 'quiet': 'False', 'warn_error': 'None', 'partial_parse': 'True', 'indirect_selection': 'eager', 'invocation_command': 'dbt debug', 'use_colors': 'True', 'use_experimental_parser': 'False', 'log_path': 'logs'}
[0m10:15:15.016337 [info ] [MainThread]: dbt version: 1.11.7
[0m10:15:15.016932 [info ] [MainThread]: python version: 3.13.12
[0m10:15:15.017450 [info ] [MainThread]: python path: C:\Users\dalle95\Desktop\Progetti\Data Engineer\eu-energy-imports-pipeline\.venv\Scripts\python.exe
[0m10:15:15.018016 [info ] [MainThread]: os info: Windows-11-10.0.26200-SP0
[0m10:15:15.112575 [info ] [MainThread]: Using profiles dir at C:\Users\dalle95\.dbt
[0m10:15:15.113247 [info ] [MainThread]: Using profiles.yml file at C:\Users\dalle95\.dbt\profiles.yml
[0m10:15:15.113824 [info ] [MainThread]: Using dbt_project.yml file at C:\Users\dalle95\Desktop\Progetti\Data Engineer\eu-energy-imports-pipeline\dbt_project.yml
[0m10:15:15.114316 [error] [MainThread]: Encountered an error:
Internal Error
  Profile should not be None if loading profile completed
[0m10:15:15.115377 [debug] [MainThread]: Command `dbt debug` failed at 10:15:15.115166 after 0.24 seconds
[0m10:15:15.115794 [debug] [MainThread]: Sending event: {'category': 'dbt', 'action': 'invocation', 'label': 'end', 'context': [<snowplow_tracker.self_describing_json.SelfDescribingJson object at 0x000001B4AFD9BE10>, <snowplow_tracker.self_describing_json.SelfDescribingJson object at 0x000001B4B0306D50>, <snowplow_tracker.self_describing_json.SelfDescribingJson object at 0x000001B4AFD59F20>]}
[0m10:15:15.116304 [debug] [MainThread]: Flushing usage events
[0m10:15:15.934992 [debug] [MainThread]: An error was encountered while trying to flush usage events
[0m10:18:38.561991 [debug] [MainThread]: Sending event: {'category': 'dbt', 'action': 'invocation', 'label': 'start', 'context': [<snowplow_tracker.self_describing_json.SelfDescribingJson object at 0x0000020048B3CAD0>, <snowplow_tracker.self_describing_json.SelfDescribingJson object at 0x00000200447839D0>, <snowplow_tracker.self_describing_json.SelfDescribingJson object at 0x0000020049C97ED0>]}


============================== 10:18:38.565224 | a2c95c0f-ddd5-4d07-93a5-45afad24910b ==============================
[0m10:18:38.565224 [info ] [MainThread]: Running with dbt=1.11.7
[0m10:18:38.565859 [debug] [MainThread]: running dbt with arguments {'version_check': 'True', 'no_print': 'None', 'static_parser': 'True', 'warn_error_options': 'WarnErrorOptionsV2(error=[], warn=[], silence=[])', 'target_path': 'None', 'printer_width': '80', 'write_json': 'True', 'introspect': 'True', 'log_cache_events': 'False', 'empty': 'None', 'cache_selected_only': 'False', 'fail_fast': 'False', 'debug': 'False', 'log_format': 'default', 'profiles_dir': 'C:\\Users\\dalle95\\.dbt', 'send_anonymous_usage_stats': 'True', 'quiet': 'False', 'warn_error': 'None', 'partial_parse': 'True', 'use_colors': 'True', 'indirect_selection': 'eager', 'invocation_command': 'dbt debug', 'use_experimental_parser': 'False', 'log_path': 'logs'}
[0m10:18:38.576622 [info ] [MainThread]: dbt version: 1.11.7
[0m10:18:38.577045 [info ] [MainThread]: python version: 3.13.12
[0m10:18:38.577320 [info ] [MainThread]: python path: C:\Users\dalle95\Desktop\Progetti\Data Engineer\eu-energy-imports-pipeline\.venv\Scripts\python.exe
[0m10:18:38.577665 [info ] [MainThread]: os info: Windows-11-10.0.26200-SP0
[0m10:18:38.663631 [info ] [MainThread]: Using profiles dir at C:\Users\dalle95\.dbt
[0m10:18:38.664347 [info ] [MainThread]: Using profiles.yml file at C:\Users\dalle95\.dbt\profiles.yml
[0m10:18:38.664829 [info ] [MainThread]: Using dbt_project.yml file at C:\Users\dalle95\Desktop\Progetti\Data Engineer\eu-energy-imports-pipeline\dbt_project.yml
[0m10:18:38.665414 [error] [MainThread]: Encountered an error:
Internal Error
  Profile should not be None if loading profile completed
[0m10:18:38.666307 [debug] [MainThread]: Command `dbt debug` failed at 10:18:38.666215 after 0.23 seconds
[0m10:18:38.666565 [debug] [MainThread]: Sending event: {'category': 'dbt', 'action': 'invocation', 'label': 'end', 'context': [<snowplow_tracker.self_describing_json.SelfDescribingJson object at 0x000002004AD7BE10>, <snowplow_tracker.self_describing_json.SelfDescribingJson object at 0x000002004B206D50>, <snowplow_tracker.self_describing_json.SelfDescribingJson object at 0x000002004AD39F20>]}
[0m10:18:38.666838 [debug] [MainThread]: Flushing usage events
[0m10:18:39.326918 [debug] [MainThread]: An error was encountered while trying to flush usage events
