[0m08:38:01.053984 [debug] [MainThread]: Sending event: {'category': 'dbt', 'action': 'invocation', 'label': 'start', 'context': [<snowplow_tracker.self_describing_json.SelfDescribingJson object at 0x000001C2DF9A92B0>, <snowplow_tracker.self_describing_json.SelfDescribingJson object at 0x000001C2DB6639D0>, <snowplow_tracker.self_describing_json.SelfDescribingJson object at 0x000001C2E150C190>]}


============================== 08:38:01.170059 | 3c686982-775c-4df4-869a-a287da4b89b0 ==============================
[0m08:38:01.170059 [info ] [MainThread]: Running with dbt=1.11.7
[0m08:38:01.170748 [debug] [MainThread]: running dbt with arguments {'static_parser': 'True', 'no_print': 'None', 'version_check': 'True', 'warn_error_options': 'WarnErrorOptionsV2(error=[], warn=[], silence=[])', 'target_path': 'None', 'printer_width': '80', 'write_json': 'True', 'empty': 'None', 'log_cache_events': 'False', 'introspect': 'True', 'cache_selected_only': 'False', 'fail_fast': 'False', 'debug': 'False', 'log_format': 'default', 'profiles_dir': 'C:\\Users\\dalle95\\.dbt', 'send_anonymous_usage_stats': 'True', 'quiet': 'False', 'warn_error': 'None', 'partial_parse': 'True', 'indirect_selection': 'eager', 'invocation_command': 'dbt init ue_energy_analytics', 'use_colors': 'True', 'use_experimental_parser': 'False', 'log_path': 'logs'}
[0m08:38:01.517325 [debug] [MainThread]: Starter project path: C:\Users\dalle95\Desktop\Progetti\Data Engineer\eu-energy-imports-pipeline\.venv\Lib\site-packages\dbt\include\starter_project
[0m08:38:01.550199 [info ] [MainThread]: 
Your new dbt project "ue_energy_analytics" was created!

For more information on how to configure the profiles.yml file,
please consult the dbt documentation here:

  https://docs.getdbt.com/docs/configure-your-profile

One more thing:

Need help? Don't hesitate to reach out to us via GitHub issues or on Slack:

  https://community.getdbt.com/

Happy modeling!

[0m08:38:01.550849 [info ] [MainThread]: Setting up your profile.
[0m08:38:15.467458 [error] [MainThread]: Encountered an error:

[0m08:38:15.470266 [error] [MainThread]: Traceback (most recent call last):
  File "C:\Users\dalle95\Desktop\Progetti\Data Engineer\eu-energy-imports-pipeline\.venv\Lib\site-packages\dbt\cli\requires.py", line 182, in wrapper
    result, success = func(*args, **kwargs)
                      ~~~~^^^^^^^^^^^^^^^^^
  File "C:\Users\dalle95\Desktop\Progetti\Data Engineer\eu-energy-imports-pipeline\.venv\Lib\site-packages\dbt\cli\requires.py", line 128, in wrapper
    return func(*args, **kwargs)
  File "C:\Users\dalle95\Desktop\Progetti\Data Engineer\eu-energy-imports-pipeline\.venv\Lib\site-packages\dbt\cli\main.py", line 483, in init
    results = task.run()
  File "C:\Users\dalle95\Desktop\Progetti\Data Engineer\eu-energy-imports-pipeline\.venv\Lib\site-packages\dbt\task\init.py", line 346, in run
    self.setup_profile(profile_name)
    ~~~~~~~~~~~~~~~~~~^^^^^^^^^^^^^^
  File "C:\Users\dalle95\Desktop\Progetti\Data Engineer\eu-energy-imports-pipeline\.venv\Lib\site-packages\dbt\task\init.py", line 261, in setup_profile
    adapter = self.ask_for_adapter_choice()
  File "C:\Users\dalle95\Desktop\Progetti\Data Engineer\eu-energy-imports-pipeline\.venv\Lib\site-packages\dbt\task\init.py", line 242, in ask_for_adapter_choice
    numeric_choice = click.prompt(prompt_msg, type=click.INT)
  File "C:\Users\dalle95\Desktop\Progetti\Data Engineer\eu-energy-imports-pipeline\.venv\Lib\site-packages\click\termui.py", line 171, in prompt
    value = prompt_func(prompt)
  File "C:\Users\dalle95\Desktop\Progetti\Data Engineer\eu-energy-imports-pipeline\.venv\Lib\site-packages\click\termui.py", line 154, in prompt_func
    raise Abort() from None
click.exceptions.Abort

[0m08:38:15.471555 [debug] [MainThread]: Command `dbt init` failed at 08:38:15.471409 after 14.63 seconds
[0m08:38:15.471900 [debug] [MainThread]: Sending event: {'category': 'dbt', 'action': 'invocation', 'label': 'end', 'context': [<snowplow_tracker.self_describing_json.SelfDescribingJson object at 0x000001C2E1C855B0>, <snowplow_tracker.self_describing_json.SelfDescribingJson object at 0x000001C2E1C93890>, <snowplow_tracker.self_describing_json.SelfDescribingJson object at 0x000001C2E19E7F00>]}
[0m08:38:15.472289 [debug] [MainThread]: Flushing usage events
[0m08:38:17.377680 [debug] [MainThread]: An error was encountered while trying to flush usage events
[0m08:38:49.484677 [debug] [MainThread]: Sending event: {'category': 'dbt', 'action': 'invocation', 'label': 'start', 'context': [<snowplow_tracker.self_describing_json.SelfDescribingJson object at 0x000001E3FABC0AD0>, <snowplow_tracker.self_describing_json.SelfDescribingJson object at 0x000001E3F68C39D0>, <snowplow_tracker.self_describing_json.SelfDescribingJson object at 0x000001E3FCCE7ED0>]}


============================== 08:38:49.488206 | 628e18bc-6d04-4fef-b481-8f8ce9f27e01 ==============================
[0m08:38:49.488206 [info ] [MainThread]: Running with dbt=1.11.7
[0m08:38:49.488846 [debug] [MainThread]: running dbt with arguments {'version_check': 'True', 'no_print': 'None', 'static_parser': 'True', 'warn_error_options': 'WarnErrorOptionsV2(error=[], warn=[], silence=[])', 'target_path': 'None', 'printer_width': '80', 'write_json': 'True', 'empty': 'None', 'log_cache_events': 'False', 'introspect': 'True', 'cache_selected_only': 'False', 'fail_fast': 'False', 'debug': 'False', 'log_format': 'default', 'profiles_dir': 'C:\\Users\\dalle95\\.dbt', 'send_anonymous_usage_stats': 'True', 'quiet': 'False', 'warn_error': 'None', 'partial_parse': 'True', 'indirect_selection': 'eager', 'use_colors': 'True', 'invocation_command': 'dbt init ue_energy_analytics', 'use_experimental_parser': 'False', 'log_path': 'logs'}
[0m08:38:49.506469 [info ] [MainThread]: A project called ue_energy_analytics already exists here.
[0m08:38:49.536507 [debug] [MainThread]: Command `dbt init` succeeded at 08:38:49.536254 after 0.18 seconds
[0m08:38:49.537135 [debug] [MainThread]: Sending event: {'category': 'dbt', 'action': 'invocation', 'label': 'end', 'context': [<snowplow_tracker.self_describing_json.SelfDescribingJson object at 0x000001E3FCCEE9E0>, <snowplow_tracker.self_describing_json.SelfDescribingJson object at 0x000001E3FCDA1C70>, <snowplow_tracker.self_describing_json.SelfDescribingJson object at 0x000001E3FBBA59D0>]}
[0m08:38:49.537696 [debug] [MainThread]: Flushing usage events
[0m08:38:53.455449 [debug] [MainThread]: An error was encountered while trying to flush usage events
[0m08:39:08.745263 [debug] [MainThread]: Sending event: {'category': 'dbt', 'action': 'invocation', 'label': 'start', 'context': [<snowplow_tracker.self_describing_json.SelfDescribingJson object at 0x000002313123CAD0>, <snowplow_tracker.self_describing_json.SelfDescribingJson object at 0x000002312CED39D0>, <snowplow_tracker.self_describing_json.SelfDescribingJson object at 0x0000023133367ED0>]}


============================== 08:39:08.749066 | d735d959-9913-40d2-bf13-0d5eab63a584 ==============================
[0m08:39:08.749066 [info ] [MainThread]: Running with dbt=1.11.7
[0m08:39:08.749737 [debug] [MainThread]: running dbt with arguments {'static_parser': 'True', 'no_print': 'None', 'version_check': 'True', 'warn_error_options': 'WarnErrorOptionsV2(error=[], warn=[], silence=[])', 'target_path': 'None', 'printer_width': '80', 'write_json': 'True', 'introspect': 'True', 'log_cache_events': 'False', 'empty': 'None', 'cache_selected_only': 'False', 'log_format': 'default', 'debug': 'False', 'fail_fast': 'False', 'profiles_dir': 'C:\\Users\\dalle95\\.dbt', 'send_anonymous_usage_stats': 'True', 'quiet': 'False', 'warn_error': 'None', 'partial_parse': 'True', 'use_colors': 'True', 'invocation_command': 'dbt init ue_energy_analytics', 'indirect_selection': 'eager', 'use_experimental_parser': 'False', 'log_path': 'logs'}
[0m08:39:08.769177 [debug] [MainThread]: Starter project path: C:\Users\dalle95\Desktop\Progetti\Data Engineer\eu-energy-imports-pipeline\.venv\Lib\site-packages\dbt\include\starter_project
[0m08:39:08.794932 [info ] [MainThread]: 
Your new dbt project "ue_energy_analytics" was created!

For more information on how to configure the profiles.yml file,
please consult the dbt documentation here:

  https://docs.getdbt.com/docs/configure-your-profile

One more thing:

Need help? Don't hesitate to reach out to us via GitHub issues or on Slack:

  https://community.getdbt.com/

Happy modeling!

[0m08:39:08.795600 [info ] [MainThread]: Setting up your profile.
[0m08:39:13.482638 [debug] [MainThread]: Command `dbt init` succeeded at 08:39:13.482461 after 4.87 seconds
[0m08:39:13.482991 [debug] [MainThread]: Sending event: {'category': 'dbt', 'action': 'invocation', 'label': 'end', 'context': [<snowplow_tracker.self_describing_json.SelfDescribingJson object at 0x000002313336FCE0>, <snowplow_tracker.self_describing_json.SelfDescribingJson object at 0x0000023131CB8290>, <snowplow_tracker.self_describing_json.SelfDescribingJson object at 0x00000231334397B0>]}
[0m08:39:13.483294 [debug] [MainThread]: Flushing usage events
[0m08:39:14.116173 [debug] [MainThread]: An error was encountered while trying to flush usage events
[0m08:48:32.903389 [debug] [MainThread]: Sending event: {'category': 'dbt', 'action': 'invocation', 'label': 'start', 'context': [<snowplow_tracker.self_describing_json.SelfDescribingJson object at 0x0000021BAF4A0AD0>, <snowplow_tracker.self_describing_json.SelfDescribingJson object at 0x0000021BAB1439D0>, <snowplow_tracker.self_describing_json.SelfDescribingJson object at 0x0000021BB15C7ED0>]}


============================== 08:48:32.907281 | a2fadea0-59a5-43a4-901f-8962badc4377 ==============================
[0m08:48:32.907281 [info ] [MainThread]: Running with dbt=1.11.7
[0m08:48:32.907896 [debug] [MainThread]: running dbt with arguments {'version_check': 'True', 'no_print': 'None', 'static_parser': 'True', 'target_path': 'None', 'warn_error_options': 'WarnErrorOptionsV2(error=[], warn=[], silence=[])', 'printer_width': '80', 'write_json': 'True', 'empty': 'None', 'log_cache_events': 'False', 'introspect': 'True', 'cache_selected_only': 'False', 'fail_fast': 'False', 'debug': 'False', 'log_format': 'default', 'partial_parse': 'True', 'send_anonymous_usage_stats': 'True', 'quiet': 'False', 'warn_error': 'None', 'profiles_dir': 'C:\\Users\\dalle95\\.dbt', 'use_colors': 'True', 'invocation_command': 'dbt debug', 'indirect_selection': 'eager', 'use_experimental_parser': 'False', 'log_path': 'logs'}
[0m08:48:32.928703 [info ] [MainThread]: dbt version: 1.11.7
[0m08:48:32.929259 [info ] [MainThread]: python version: 3.13.12
[0m08:48:32.929649 [info ] [MainThread]: python path: C:\Users\dalle95\Desktop\Progetti\Data Engineer\eu-energy-imports-pipeline\.venv\Scripts\python.exe
[0m08:48:32.929959 [info ] [MainThread]: os info: Windows-11-10.0.26200-SP0
[0m08:48:33.025677 [info ] [MainThread]: Using profiles dir at C:\Users\dalle95\.dbt
[0m08:48:33.026399 [info ] [MainThread]: Using profiles.yml file at C:\Users\dalle95\.dbt\profiles.yml
[0m08:48:33.026926 [info ] [MainThread]: Using dbt_project.yml file at C:\Users\dalle95\Desktop\Progetti\Data Engineer\eu-energy-imports-pipeline\transformation\dbt\dbt_project.yml
[0m08:48:33.027474 [error] [MainThread]: Encountered an error:
Internal Error
  Profile should not be None if loading profile completed
[0m08:48:33.028359 [debug] [MainThread]: Command `dbt debug` failed at 08:48:33.028253 after 0.27 seconds
[0m08:48:33.028660 [debug] [MainThread]: Sending event: {'category': 'dbt', 'action': 'invocation', 'label': 'end', 'context': [<snowplow_tracker.self_describing_json.SelfDescribingJson object at 0x0000021BB1C4C050>, <snowplow_tracker.self_describing_json.SelfDescribingJson object at 0x0000021BB1C22D50>, <snowplow_tracker.self_describing_json.SelfDescribingJson object at 0x0000021BB16A9F20>]}
[0m08:48:33.028974 [debug] [MainThread]: Flushing usage events
[0m08:48:33.808610 [debug] [MainThread]: An error was encountered while trying to flush usage events
